<?xml version="1.0" encoding="UTF-8"?>
<!-- Generated by org.testng.reporters.JUnitReportReporter -->
<testsuite hostname="Bujuku" failures="0" tests="1" name="com.simplilearn.testng.GridDemo.StandAloneChrome" time="3.205" errors="0" timestamp="2023-12-18T17:06:26 IST" skipped="0">
  <testcase classname="com.simplilearn.testng.GridDemo.StandAloneChrome" name="gridStandAloneTest" time="3.205"/>
  <system-out/>
</testsuite> <!-- com.simplilearn.testng.GridDemo.StandAloneChrome -->
